<?xml version="1.0" encoding="windows-1252" standalone="no"?>
<!DOCTYPE log SYSTEM "logger.dtd">
<log>
<record>
  <date>2019-03-04T10:05:49</date>
  <millis>1551674149111</millis>
  <sequence>0</sequence>
  <logger>com.lxisoft.hotel.logger.Log</logger>
  <level>INFO</level>
  <class>com.lxisoft.hotel.view.View</class>
  <method>main</method>
  <thread>1</thread>
  <message>***Entered main method***</message>
</record>
<record>
  <date>2019-03-04T10:05:49</date>
  <millis>1551674149119</millis>
  <sequence>1</sequence>
  <logger>com.lxisoft.hotel.logger.Log</logger>
  <level>INFO</level>
  <class>com.lxisoft.hotel.view.View</class>
  <method>administrator</method>
  <thread>1</thread>
  <message>***Entered Aniministrator method***</message>
</record>
<record>
  <date>2019-03-04T10:05:49</date>
  <millis>1551674149121</millis>
  <sequence>2</sequence>
  <logger>com.lxisoft.hotel.logger.Log</logger>
  <level>WARNING</level>
  <class>com.lxisoft.hotel.view.View</class>
  <method>administrator</method>
  <thread>1</thread>
  <message>***May cause Exception***</message>
</record>
<record>
  <date>2019-03-04T10:06:06</date>
  <millis>1551674166185</millis>
  <sequence>3</sequence>
  <logger>com.lxisoft.hotel.logger.Log</logger>
  <level>INFO</level>
  <class>com.lxisoft.hotel.view.View</class>
  <method>getPrevBillName</method>
  <thread>1</thread>
  <message>***Entered getPrevBillName method***</message>
</record>
<record>
  <date>2019-03-04T10:06:06</date>
  <millis>1551674166186</millis>
  <sequence>4</sequence>
  <logger>com.lxisoft.hotel.logger.Log</logger>
  <level>WARNING</level>
  <class>com.lxisoft.hotel.view.View</class>
  <method>getPrevBillName</method>
  <thread>1</thread>
  <message>***May cause Exception***</message>
</record>
<record>
  <date>2019-03-04T10:06:06</date>
  <millis>1551674166556</millis>
  <sequence>5</sequence>
  <logger>com.lxisoft.hotel.logger.Log</logger>
  <level>INFO</level>
  <class>com.lxisoft.hotel.view.View</class>
  <method>prevBillView</method>
  <thread>1</thread>
  <message>***Entered prevBillView method***</message>
</record>
<record>
  <date>2019-03-04T10:06:06</date>
  <millis>1551674166557</millis>
  <sequence>6</sequence>
  <logger>com.lxisoft.hotel.logger.Log</logger>
  <level>WARNING</level>
  <class>com.lxisoft.hotel.view.View</class>
  <method>prevBillView</method>
  <thread>1</thread>
  <message>***May cause Exception***</message>
</record>
<record>
  <date>2019-03-04T10:06:06</date>
  <millis>1551674166577</millis>
  <sequence>7</sequence>
  <logger>com.lxisoft.hotel.logger.Log</logger>
  <level>INFO</level>
  <class>com.lxisoft.hotel.view.View</class>
  <method>prevBillView</method>
  <thread>1</thread>
  <message>***Exited prevBillView method***</message>
</record>
<record>
  <date>2019-03-04T10:06:06</date>
  <millis>1551674166578</millis>
  <sequence>8</sequence>
  <logger>com.lxisoft.hotel.logger.Log</logger>
  <level>INFO</level>
  <class>com.lxisoft.hotel.view.View</class>
  <method>getPrevBillName</method>
  <thread>1</thread>
  <message>***Exited getPrevBillName method***</message>
</record>
<record>
  <date>2019-03-04T10:06:11</date>
  <millis>1551674171043</millis>
  <sequence>9</sequence>
  <logger>com.lxisoft.hotel.logger.Log</logger>
  <level>INFO</level>
  <class>com.lxisoft.hotel.view.View</class>
  <method>administrator</method>
  <thread>1</thread>
  <message>***Exited Aniministrator method***</message>
</record>
<record>
  <date>2019-03-04T10:06:11</date>
  <millis>1551674171048</millis>
  <sequence>10</sequence>
  <logger>com.lxisoft.hotel.logger.Log</logger>
  <level>INFO</level>
  <class>com.lxisoft.hotel.view.View</class>
  <method>main</method>
  <thread>1</thread>
  <message>***Exited main method***</message>
</record>
</log>
